\BOOKMARK [0][-]{chapter.1}{Acronyms}{}% 1
\BOOKMARK [0][-]{chapter.2}{Quick\040summary}{}% 2
\BOOKMARK [0][-]{chapter.3}{Sentinel-1\040products}{}% 3
\BOOKMARK [1][-]{section.3.1}{Products\040on\040portals}{chapter.3}% 4
\BOOKMARK [1][-]{section.3.2}{Missing\040products}{chapter.3}% 5
\BOOKMARK [1][-]{section.3.3}{Data\040ingestion}{chapter.3}% 6
\BOOKMARK [0][-]{chapter.4}{Sentinel-2\040Level-1C\040products}{}% 7
\BOOKMARK [1][-]{section.4.1}{Products\040on\040portals}{chapter.4}% 8
\BOOKMARK [1][-]{section.4.2}{Missing\040products}{chapter.4}% 9
\BOOKMARK [1][-]{section.4.3}{Data\040ingestion}{chapter.4}% 10
\BOOKMARK [0][-]{chapter.5}{Sentinel-2\040Level-2A\040products}{}% 11
\BOOKMARK [1][-]{section.5.1}{Products\040on\040portals}{chapter.5}% 12
\BOOKMARK [1][-]{section.5.2}{Missing\040products}{chapter.5}% 13
\BOOKMARK [1][-]{section.5.3}{Data\040ingestion}{chapter.5}% 14
\BOOKMARK [0][-]{chapter.6}{Sentinel-3\040products}{}% 15
\BOOKMARK [1][-]{section.6.1}{Products\040on\040portals}{chapter.6}% 16
\BOOKMARK [1][-]{section.6.2}{Missing\040products}{chapter.6}% 17
\BOOKMARK [1][-]{section.6.3}{Data\040ingestion}{chapter.6}% 18
\BOOKMARK [0][-]{chapter.7}{Sentinel-5p\040products}{}% 19
\BOOKMARK [1][-]{section.7.1}{Products\040on\040portals}{chapter.7}% 20
\BOOKMARK [1][-]{section.7.2}{Missing\040products}{chapter.7}% 21
\BOOKMARK [1][-]{section.7.3}{Data\040ingestion}{chapter.7}% 22
\BOOKMARK [0][-]{chapter.8}{Monitoring\040data\040downloads\040from\040colhub\040portals}{}% 23
\BOOKMARK [1][-]{section.8.1}{Portal:\040colhub.met.no}{chapter.8}% 24
\BOOKMARK [1][-]{section.8.2}{Portal:\040colhub-archive.met.no}{chapter.8}% 25
\BOOKMARK [0][-]{chapter.9}{Data\040volumes\040for\040NBS}{}% 26
\BOOKMARK [1][-]{section.9.1}{Volumes\040for\040AOI\040backends}{chapter.9}% 27
\BOOKMARK [1][-]{section.9.2}{Volume\040for\040netcdf\040products}{chapter.9}% 28
\BOOKMARK [1][-]{section.9.3}{Totals}{chapter.9}% 29
\BOOKMARK [0][-]{chapter.10}{Previous\040reports}{}% 30
